2020-02-19 07:43:36 startup archives unpack
2020-02-19 07:43:36 install perl-modules-5.28:all <none> 5.28.1-6
2020-02-19 07:43:36 status half-installed perl-modules-5.28:all 5.28.1-6
2020-02-19 07:43:36 status unpacked perl-modules-5.28:all 5.28.1-6
2020-02-19 07:43:36 install libgdbm6:amd64 <none> 1.18.1-4
2020-02-19 07:43:36 status triggers-pending libc-bin:amd64 2.28-10
2020-02-19 07:43:36 status half-installed libgdbm6:amd64 1.18.1-4
2020-02-19 07:43:36 status unpacked libgdbm6:amd64 1.18.1-4
2020-02-19 07:43:36 install libgdbm-compat4:amd64 <none> 1.18.1-4
2020-02-19 07:43:36 status half-installed libgdbm-compat4:amd64 1.18.1-4
2020-02-19 07:43:36 status unpacked libgdbm-compat4:amd64 1.18.1-4
2020-02-19 07:43:36 install libperl5.28:amd64 <none> 5.28.1-6
2020-02-19 07:43:36 status half-installed libperl5.28:amd64 5.28.1-6
2020-02-19 07:43:37 status unpacked libperl5.28:amd64 5.28.1-6
2020-02-19 07:43:37 install perl:amd64 <none> 5.28.1-6
2020-02-19 07:43:37 status half-installed perl:amd64 5.28.1-6
2020-02-19 07:43:37 status unpacked perl:amd64 5.28.1-6
2020-02-19 07:43:37 install libpython2.7-minimal:amd64 <none> 2.7.16-2+deb10u1
2020-02-19 07:43:37 status half-installed libpython2.7-minimal:amd64 2.7.16-2+deb10u1
2020-02-19 07:43:37 status unpacked libpython2.7-minimal:amd64 2.7.16-2+deb10u1
2020-02-19 07:43:37 install python2.7-minimal:amd64 <none> 2.7.16-2+deb10u1
2020-02-19 07:43:37 status half-installed python2.7-minimal:amd64 2.7.16-2+deb10u1
2020-02-19 07:43:37 status unpacked python2.7-minimal:amd64 2.7.16-2+deb10u1
2020-02-19 07:43:37 install python2-minimal:amd64 <none> 2.7.16-1
2020-02-19 07:43:37 status half-installed python2-minimal:amd64 2.7.16-1
2020-02-19 07:43:37 status unpacked python2-minimal:amd64 2.7.16-1
2020-02-19 07:43:37 install python-minimal:amd64 <none> 2.7.16-1
2020-02-19 07:43:37 status half-installed python-minimal:amd64 2.7.16-1
2020-02-19 07:43:37 status unpacked python-minimal:amd64 2.7.16-1
2020-02-19 07:43:37 install libssl1.1:amd64 <none> 1.1.1d-0+deb10u2
2020-02-19 07:43:37 status half-installed libssl1.1:amd64 1.1.1d-0+deb10u2
2020-02-19 07:43:37 status unpacked libssl1.1:amd64 1.1.1d-0+deb10u2
2020-02-19 07:43:37 install mime-support:all <none> 3.62
2020-02-19 07:43:37 status half-installed mime-support:all 3.62
2020-02-19 07:43:37 status unpacked mime-support:all 3.62
2020-02-19 07:43:37 install libexpat1:amd64 <none> 2.2.6-2+deb10u1
2020-02-19 07:43:37 status half-installed libexpat1:amd64 2.2.6-2+deb10u1
2020-02-19 07:43:37 status unpacked libexpat1:amd64 2.2.6-2+deb10u1
2020-02-19 07:43:37 install readline-common:all <none> 7.0-5
2020-02-19 07:43:37 status half-installed readline-common:all 7.0-5
2020-02-19 07:43:37 status unpacked readline-common:all 7.0-5
2020-02-19 07:43:37 install libreadline7:amd64 <none> 7.0-5
2020-02-19 07:43:37 status half-installed libreadline7:amd64 7.0-5
2020-02-19 07:43:37 status unpacked libreadline7:amd64 7.0-5
2020-02-19 07:43:37 install libsqlite3-0:amd64 <none> 3.27.2-3
2020-02-19 07:43:37 status half-installed libsqlite3-0:amd64 3.27.2-3
2020-02-19 07:43:37 status unpacked libsqlite3-0:amd64 3.27.2-3
2020-02-19 07:43:37 install libpython2.7-stdlib:amd64 <none> 2.7.16-2+deb10u1
2020-02-19 07:43:37 status half-installed libpython2.7-stdlib:amd64 2.7.16-2+deb10u1
2020-02-19 07:43:37 status unpacked libpython2.7-stdlib:amd64 2.7.16-2+deb10u1
2020-02-19 07:43:37 install python2.7:amd64 <none> 2.7.16-2+deb10u1
2020-02-19 07:43:37 status half-installed python2.7:amd64 2.7.16-2+deb10u1
2020-02-19 07:43:37 status unpacked python2.7:amd64 2.7.16-2+deb10u1
2020-02-19 07:43:37 install libpython2-stdlib:amd64 <none> 2.7.16-1
2020-02-19 07:43:37 status half-installed libpython2-stdlib:amd64 2.7.16-1
2020-02-19 07:43:37 status unpacked libpython2-stdlib:amd64 2.7.16-1
2020-02-19 07:43:38 install libpython-stdlib:amd64 <none> 2.7.16-1
2020-02-19 07:43:38 status half-installed libpython-stdlib:amd64 2.7.16-1
2020-02-19 07:43:38 status unpacked libpython-stdlib:amd64 2.7.16-1
2020-02-19 07:43:38 startup packages configure
2020-02-19 07:43:38 configure libpython2.7-minimal:amd64 2.7.16-2+deb10u1 <none>
2020-02-19 07:43:38 status unpacked libpython2.7-minimal:amd64 2.7.16-2+deb10u1
2020-02-19 07:43:38 status half-configured libpython2.7-minimal:amd64 2.7.16-2+deb10u1
2020-02-19 07:43:38 status installed libpython2.7-minimal:amd64 2.7.16-2+deb10u1
2020-02-19 07:43:38 configure python2.7-minimal:amd64 2.7.16-2+deb10u1 <none>
2020-02-19 07:43:38 status unpacked python2.7-minimal:amd64 2.7.16-2+deb10u1
2020-02-19 07:43:38 status half-configured python2.7-minimal:amd64 2.7.16-2+deb10u1
2020-02-19 07:43:38 status installed python2.7-minimal:amd64 2.7.16-2+deb10u1
2020-02-19 07:43:38 configure python2-minimal:amd64 2.7.16-1 <none>
2020-02-19 07:43:38 status unpacked python2-minimal:amd64 2.7.16-1
2020-02-19 07:43:38 status half-configured python2-minimal:amd64 2.7.16-1
2020-02-19 07:43:38 status installed python2-minimal:amd64 2.7.16-1
2020-02-19 07:43:38 startup archives unpack
2020-02-19 07:43:38 install python2:amd64 <none> 2.7.16-1
2020-02-19 07:43:38 status half-installed python2:amd64 2.7.16-1
2020-02-19 07:43:38 status unpacked python2:amd64 2.7.16-1
2020-02-19 07:43:38 startup packages configure
2020-02-19 07:43:38 configure python-minimal:amd64 2.7.16-1 <none>
2020-02-19 07:43:38 status unpacked python-minimal:amd64 2.7.16-1
2020-02-19 07:43:38 status half-configured python-minimal:amd64 2.7.16-1
2020-02-19 07:43:38 status installed python-minimal:amd64 2.7.16-1
2020-02-19 07:43:38 startup archives unpack
2020-02-19 07:43:38 install python:amd64 <none> 2.7.16-1
2020-02-19 07:43:38 status half-installed python:amd64 2.7.16-1
2020-02-19 07:43:38 status unpacked python:amd64 2.7.16-1
2020-02-19 07:43:38 install netbase:all <none> 5.6
2020-02-19 07:43:38 status half-installed netbase:all 5.6
2020-02-19 07:43:38 status unpacked netbase:all 5.6
2020-02-19 07:43:38 install sensible-utils:all <none> 0.0.12
2020-02-19 07:43:38 status half-installed sensible-utils:all 0.0.12
2020-02-19 07:43:38 status unpacked sensible-utils:all 0.0.12
2020-02-19 07:43:38 install ucf:all <none> 3.0038+nmu1
2020-02-19 07:43:38 status half-installed ucf:all 3.0038+nmu1
2020-02-19 07:43:38 status unpacked ucf:all 3.0038+nmu1
2020-02-19 07:43:38 install acl:amd64 <none> 2.2.53-4
2020-02-19 07:43:38 status half-installed acl:amd64 2.2.53-4
2020-02-19 07:43:38 status unpacked acl:amd64 2.2.53-4
2020-02-19 07:43:38 install libapr1:amd64 <none> 1.6.5-1+b1
2020-02-19 07:43:38 status half-installed libapr1:amd64 1.6.5-1+b1
2020-02-19 07:43:38 status unpacked libapr1:amd64 1.6.5-1+b1
2020-02-19 07:43:38 install libaprutil1:amd64 <none> 1.6.1-4
2020-02-19 07:43:38 status half-installed libaprutil1:amd64 1.6.1-4
2020-02-19 07:43:38 status unpacked libaprutil1:amd64 1.6.1-4
2020-02-19 07:43:38 install apache2-utils:amd64 <none> 2.4.38-3+deb10u3
2020-02-19 07:43:38 status half-installed apache2-utils:amd64 2.4.38-3+deb10u3
2020-02-19 07:43:38 status unpacked apache2-utils:amd64 2.4.38-3+deb10u3
2020-02-19 07:43:38 install libpaper1:amd64 <none> 1.1.28
2020-02-19 07:43:38 status half-installed libpaper1:amd64 1.1.28
2020-02-19 07:43:38 status unpacked libpaper1:amd64 1.1.28
2020-02-19 07:43:38 install enscript:amd64 <none> 1.6.5.90-3
2020-02-19 07:43:38 status half-installed enscript:amd64 1.6.5.90-3
2020-02-19 07:43:38 status unpacked enscript:amd64 1.6.5.90-3
2020-02-19 07:43:38 install fonts-dejavu-core:all <none> 2.37-1
2020-02-19 07:43:38 status half-installed fonts-dejavu-core:all 2.37-1
2020-02-19 07:43:38 status unpacked fonts-dejavu-core:all 2.37-1
2020-02-19 07:43:38 install fontconfig-config:all <none> 2.13.1-2
2020-02-19 07:43:38 status half-installed fontconfig-config:all 2.13.1-2
2020-02-19 07:43:38 status unpacked fontconfig-config:all 2.13.1-2
2020-02-19 07:43:38 install libaio1:amd64 <none> 0.3.112-3
2020-02-19 07:43:38 status half-installed libaio1:amd64 0.3.112-3
2020-02-19 07:43:38 status unpacked libaio1:amd64 0.3.112-3
2020-02-19 07:43:38 install libapparmor1:amd64 <none> 2.13.2-10
2020-02-19 07:43:38 status half-installed libapparmor1:amd64 2.13.2-10
2020-02-19 07:43:38 status unpacked libapparmor1:amd64 2.13.2-10
2020-02-19 07:43:38 install libargon2-1:amd64 <none> 0~20171227-0.2
2020-02-19 07:43:38 status half-installed libargon2-1:amd64 0~20171227-0.2
2020-02-19 07:43:38 status unpacked libargon2-1:amd64 0~20171227-0.2
2020-02-19 07:43:38 install libbsd0:amd64 <none> 0.9.1-2
2020-02-19 07:43:38 status half-installed libbsd0:amd64 0.9.1-2
2020-02-19 07:43:38 status unpacked libbsd0:amd64 0.9.1-2
2020-02-19 07:43:38 install libconfig-inifiles-perl:all <none> 3.000001-1
2020-02-19 07:43:38 status half-installed libconfig-inifiles-perl:all 3.000001-1
2020-02-19 07:43:38 status unpacked libconfig-inifiles-perl:all 3.000001-1
2020-02-19 07:43:38 install libkeyutils1:amd64 <none> 1.6-6
2020-02-19 07:43:38 status half-installed libkeyutils1:amd64 1.6-6
2020-02-19 07:43:38 status unpacked libkeyutils1:amd64 1.6-6
2020-02-19 07:43:38 install libkrb5support0:amd64 <none> 1.17-3
2020-02-19 07:43:38 status half-installed libkrb5support0:amd64 1.17-3
2020-02-19 07:43:38 status unpacked libkrb5support0:amd64 1.17-3
2020-02-19 07:43:38 install libk5crypto3:amd64 <none> 1.17-3
2020-02-19 07:43:38 status half-installed libk5crypto3:amd64 1.17-3
2020-02-19 07:43:38 status unpacked libk5crypto3:amd64 1.17-3
2020-02-19 07:43:38 install libkrb5-3:amd64 <none> 1.17-3
2020-02-19 07:43:38 status half-installed libkrb5-3:amd64 1.17-3
2020-02-19 07:43:39 status unpacked libkrb5-3:amd64 1.17-3
2020-02-19 07:43:39 install libgssapi-krb5-2:amd64 <none> 1.17-3
2020-02-19 07:43:39 status half-installed libgssapi-krb5-2:amd64 1.17-3
2020-02-19 07:43:39 status unpacked libgssapi-krb5-2:amd64 1.17-3
2020-02-19 07:43:39 install libsasl2-modules-db:amd64 <none> 2.1.27+dfsg-1+deb10u1
2020-02-19 07:43:39 status half-installed libsasl2-modules-db:amd64 2.1.27+dfsg-1+deb10u1
2020-02-19 07:43:39 status unpacked libsasl2-modules-db:amd64 2.1.27+dfsg-1+deb10u1
2020-02-19 07:43:39 install libsasl2-2:amd64 <none> 2.1.27+dfsg-1+deb10u1
2020-02-19 07:43:39 status half-installed libsasl2-2:amd64 2.1.27+dfsg-1+deb10u1
2020-02-19 07:43:39 status unpacked libsasl2-2:amd64 2.1.27+dfsg-1+deb10u1
2020-02-19 07:43:39 install libldap-common:all <none> 2.4.47+dfsg-3+deb10u1
2020-02-19 07:43:39 status half-installed libldap-common:all 2.4.47+dfsg-3+deb10u1
2020-02-19 07:43:39 status unpacked libldap-common:all 2.4.47+dfsg-3+deb10u1
2020-02-19 07:43:39 install libldap-2.4-2:amd64 <none> 2.4.47+dfsg-3+deb10u1
2020-02-19 07:43:39 status half-installed libldap-2.4-2:amd64 2.4.47+dfsg-3+deb10u1
2020-02-19 07:43:39 status unpacked libldap-2.4-2:amd64 2.4.47+dfsg-3+deb10u1
2020-02-19 07:43:39 install libnghttp2-14:amd64 <none> 1.36.0-2+deb10u1
2020-02-19 07:43:39 status half-installed libnghttp2-14:amd64 1.36.0-2+deb10u1
2020-02-19 07:43:39 status unpacked libnghttp2-14:amd64 1.36.0-2+deb10u1
2020-02-19 07:43:39 install libpsl5:amd64 <none> 0.20.2-2
2020-02-19 07:43:39 status half-installed libpsl5:amd64 0.20.2-2
2020-02-19 07:43:39 status unpacked libpsl5:amd64 0.20.2-2
2020-02-19 07:43:39 install librtmp1:amd64 <none> 2.4+20151223.gitfa8646d.1-2
2020-02-19 07:43:39 status half-installed librtmp1:amd64 2.4+20151223.gitfa8646d.1-2
2020-02-19 07:43:39 status unpacked librtmp1:amd64 2.4+20151223.gitfa8646d.1-2
2020-02-19 07:43:39 install libssh2-1:amd64 <none> 1.8.0-2.1
2020-02-19 07:43:39 status half-installed libssh2-1:amd64 1.8.0-2.1
2020-02-19 07:43:39 status unpacked libssh2-1:amd64 1.8.0-2.1
2020-02-19 07:43:39 install libcurl4:amd64 <none> 7.64.0-4
2020-02-19 07:43:39 status half-installed libcurl4:amd64 7.64.0-4
2020-02-19 07:43:39 status unpacked libcurl4:amd64 7.64.0-4
2020-02-19 07:43:39 install libedit2:amd64 <none> 3.1-20181209-1
2020-02-19 07:43:39 status half-installed libedit2:amd64 3.1-20181209-1
2020-02-19 07:43:39 status unpacked libedit2:amd64 3.1-20181209-1
2020-02-19 07:43:39 install libpng16-16:amd64 <none> 1.6.36-6
2020-02-19 07:43:39 status half-installed libpng16-16:amd64 1.6.36-6
2020-02-19 07:43:39 status unpacked libpng16-16:amd64 1.6.36-6
2020-02-19 07:43:39 install libfreetype6:amd64 <none> 2.9.1-3+deb10u1
2020-02-19 07:43:39 status half-installed libfreetype6:amd64 2.9.1-3+deb10u1
2020-02-19 07:43:39 status unpacked libfreetype6:amd64 2.9.1-3+deb10u1
2020-02-19 07:43:39 install libfontconfig1:amd64 <none> 2.13.1-2
2020-02-19 07:43:39 status half-installed libfontconfig1:amd64 2.13.1-2
2020-02-19 07:43:39 status unpacked libfontconfig1:amd64 2.13.1-2
2020-02-19 07:43:39 install libjpeg62-turbo:amd64 <none> 1:1.5.2-2+b1
2020-02-19 07:43:39 status half-installed libjpeg62-turbo:amd64 1:1.5.2-2+b1
2020-02-19 07:43:39 status unpacked libjpeg62-turbo:amd64 1:1.5.2-2+b1
2020-02-19 07:43:39 install libjbig0:amd64 <none> 2.1-3.1+b2
2020-02-19 07:43:39 status half-installed libjbig0:amd64 2.1-3.1+b2
2020-02-19 07:43:39 status unpacked libjbig0:amd64 2.1-3.1+b2
2020-02-19 07:43:39 install libwebp6:amd64 <none> 0.6.1-2
2020-02-19 07:43:39 status half-installed libwebp6:amd64 0.6.1-2
2020-02-19 07:43:39 status unpacked libwebp6:amd64 0.6.1-2
2020-02-19 07:43:39 install libtiff5:amd64 <none> 4.1.0+git191117-2~deb10u1
2020-02-19 07:43:39 status half-installed libtiff5:amd64 4.1.0+git191117-2~deb10u1
2020-02-19 07:43:39 status unpacked libtiff5:amd64 4.1.0+git191117-2~deb10u1
2020-02-19 07:43:39 install libxau6:amd64 <none> 1:1.0.8-1+b2
2020-02-19 07:43:39 status half-installed libxau6:amd64 1:1.0.8-1+b2
2020-02-19 07:43:39 status unpacked libxau6:amd64 1:1.0.8-1+b2
2020-02-19 07:43:39 install libxdmcp6:amd64 <none> 1:1.1.2-3
2020-02-19 07:43:39 status half-installed libxdmcp6:amd64 1:1.1.2-3
2020-02-19 07:43:39 status unpacked libxdmcp6:amd64 1:1.1.2-3
2020-02-19 07:43:39 install libxcb1:amd64 <none> 1.13.1-2
2020-02-19 07:43:39 status half-installed libxcb1:amd64 1.13.1-2
2020-02-19 07:43:39 status unpacked libxcb1:amd64 1.13.1-2
2020-02-19 07:43:39 install libx11-data:all <none> 2:1.6.7-1
2020-02-19 07:43:39 status half-installed libx11-data:all 2:1.6.7-1
2020-02-19 07:43:39 status unpacked libx11-data:all 2:1.6.7-1
2020-02-19 07:43:39 install libx11-6:amd64 <none> 2:1.6.7-1
2020-02-19 07:43:39 status half-installed libx11-6:amd64 2:1.6.7-1
2020-02-19 07:43:39 status unpacked libx11-6:amd64 2:1.6.7-1
2020-02-19 07:43:39 install libxpm4:amd64 <none> 1:3.5.12-1
2020-02-19 07:43:39 status half-installed libxpm4:amd64 1:3.5.12-1
2020-02-19 07:43:39 status unpacked libxpm4:amd64 1:3.5.12-1
2020-02-19 07:43:39 install libgd3:amd64 <none> 2.2.5-5.2
2020-02-19 07:43:39 status half-installed libgd3:amd64 2.2.5-5.2
2020-02-19 07:43:39 status unpacked libgd3:amd64 2.2.5-5.2
2020-02-19 07:43:39 install libgeoip1:amd64 <none> 1.6.12-1
2020-02-19 07:43:39 status half-installed libgeoip1:amd64 1.6.12-1
2020-02-19 07:43:39 status unpacked libgeoip1:amd64 1.6.12-1
2020-02-19 07:43:39 install libicu63:amd64 <none> 63.1-6
2020-02-19 07:43:39 status half-installed libicu63:amd64 63.1-6
2020-02-19 07:43:40 status unpacked libicu63:amd64 63.1-6
2020-02-19 07:43:40 install libmagic-mgc:amd64 <none> 1:5.35-4+deb10u1
2020-02-19 07:43:40 status half-installed libmagic-mgc:amd64 1:5.35-4+deb10u1
2020-02-19 07:43:40 status unpacked libmagic-mgc:amd64 1:5.35-4+deb10u1
2020-02-19 07:43:40 install libmagic1:amd64 <none> 1:5.35-4+deb10u1
2020-02-19 07:43:40 status half-installed libmagic1:amd64 1:5.35-4+deb10u1
2020-02-19 07:43:40 status unpacked libmagic1:amd64 1:5.35-4+deb10u1
2020-02-19 07:43:40 install libncurses6:amd64 <none> 6.1+20181013-2+deb10u2
2020-02-19 07:43:40 status half-installed libncurses6:amd64 6.1+20181013-2+deb10u2
2020-02-19 07:43:40 status unpacked libncurses6:amd64 6.1+20181013-2+deb10u2
2020-02-19 07:43:40 install lsb-base:all <none> 10.2019051400
2020-02-19 07:43:40 status half-installed lsb-base:all 10.2019051400
2020-02-19 07:43:40 status unpacked lsb-base:all 10.2019051400
2020-02-19 07:43:40 install nginx-common:all <none> 1.14.2-2+deb10u1
2020-02-19 07:43:40 status half-installed nginx-common:all 1.14.2-2+deb10u1
2020-02-19 07:43:40 status unpacked nginx-common:all 1.14.2-2+deb10u1
2020-02-19 07:43:40 install libnginx-mod-http-auth-pam:amd64 <none> 1.14.2-2+deb10u1
2020-02-19 07:43:40 status half-installed libnginx-mod-http-auth-pam:amd64 1.14.2-2+deb10u1
2020-02-19 07:43:40 status unpacked libnginx-mod-http-auth-pam:amd64 1.14.2-2+deb10u1
2020-02-19 07:43:40 install libxml2:amd64 <none> 2.9.4+dfsg1-7+b3
2020-02-19 07:43:40 status half-installed libxml2:amd64 2.9.4+dfsg1-7+b3
2020-02-19 07:43:40 status unpacked libxml2:amd64 2.9.4+dfsg1-7+b3
2020-02-19 07:43:40 install libxslt1.1:amd64 <none> 1.1.32-2.2~deb10u1
2020-02-19 07:43:40 status half-installed libxslt1.1:amd64 1.1.32-2.2~deb10u1
2020-02-19 07:43:40 status unpacked libxslt1.1:amd64 1.1.32-2.2~deb10u1
2020-02-19 07:43:40 install libnginx-mod-http-dav-ext:amd64 <none> 1.14.2-2+deb10u1
2020-02-19 07:43:40 status half-installed libnginx-mod-http-dav-ext:amd64 1.14.2-2+deb10u1
2020-02-19 07:43:40 status unpacked libnginx-mod-http-dav-ext:amd64 1.14.2-2+deb10u1
2020-02-19 07:43:40 install libnginx-mod-http-echo:amd64 <none> 1.14.2-2+deb10u1
2020-02-19 07:43:40 status half-installed libnginx-mod-http-echo:amd64 1.14.2-2+deb10u1
2020-02-19 07:43:40 status unpacked libnginx-mod-http-echo:amd64 1.14.2-2+deb10u1
2020-02-19 07:43:40 install libnginx-mod-http-geoip:amd64 <none> 1.14.2-2+deb10u1
2020-02-19 07:43:40 status half-installed libnginx-mod-http-geoip:amd64 1.14.2-2+deb10u1
2020-02-19 07:43:40 status unpacked libnginx-mod-http-geoip:amd64 1.14.2-2+deb10u1
2020-02-19 07:43:40 install libnginx-mod-http-image-filter:amd64 <none> 1.14.2-2+deb10u1
2020-02-19 07:43:40 status half-installed libnginx-mod-http-image-filter:amd64 1.14.2-2+deb10u1
2020-02-19 07:43:40 status unpacked libnginx-mod-http-image-filter:amd64 1.14.2-2+deb10u1
2020-02-19 07:43:40 install libnginx-mod-http-subs-filter:amd64 <none> 1.14.2-2+deb10u1
2020-02-19 07:43:40 status half-installed libnginx-mod-http-subs-filter:amd64 1.14.2-2+deb10u1
2020-02-19 07:43:40 status unpacked libnginx-mod-http-subs-filter:amd64 1.14.2-2+deb10u1
2020-02-19 07:43:40 install libnginx-mod-http-upstream-fair:amd64 <none> 1.14.2-2+deb10u1
2020-02-19 07:43:40 status half-installed libnginx-mod-http-upstream-fair:amd64 1.14.2-2+deb10u1
2020-02-19 07:43:40 status unpacked libnginx-mod-http-upstream-fair:amd64 1.14.2-2+deb10u1
2020-02-19 07:43:40 install libnginx-mod-http-xslt-filter:amd64 <none> 1.14.2-2+deb10u1
2020-02-19 07:43:40 status half-installed libnginx-mod-http-xslt-filter:amd64 1.14.2-2+deb10u1
2020-02-19 07:43:40 status unpacked libnginx-mod-http-xslt-filter:amd64 1.14.2-2+deb10u1
2020-02-19 07:43:40 install libnginx-mod-mail:amd64 <none> 1.14.2-2+deb10u1
2020-02-19 07:43:40 status half-installed libnginx-mod-mail:amd64 1.14.2-2+deb10u1
2020-02-19 07:43:40 status unpacked libnginx-mod-mail:amd64 1.14.2-2+deb10u1
2020-02-19 07:43:40 install libnginx-mod-stream:amd64 <none> 1.14.2-2+deb10u1
2020-02-19 07:43:40 status half-installed libnginx-mod-stream:amd64 1.14.2-2+deb10u1
2020-02-19 07:43:40 status unpacked libnginx-mod-stream:amd64 1.14.2-2+deb10u1
2020-02-19 07:43:40 install libpcre2-8-0:amd64 <none> 10.32-5
2020-02-19 07:43:40 status half-installed libpcre2-8-0:amd64 10.32-5
2020-02-19 07:43:40 status unpacked libpcre2-8-0:amd64 10.32-5
2020-02-19 07:43:40 install libreadline5:amd64 <none> 5.2+dfsg-3+b13
2020-02-19 07:43:40 status half-installed libreadline5:amd64 5.2+dfsg-3+b13
2020-02-19 07:43:40 status unpacked libreadline5:amd64 5.2+dfsg-3+b13
2020-02-19 07:43:40 install libsnappy1v5:amd64 <none> 1.1.7-1
2020-02-19 07:43:40 status half-installed libsnappy1v5:amd64 1.1.7-1
2020-02-19 07:43:40 status unpacked libsnappy1v5:amd64 1.1.7-1
2020-02-19 07:43:41 install libsodium23:amd64 <none> 1.0.17-1
2020-02-19 07:43:41 status half-installed libsodium23:amd64 1.0.17-1
2020-02-19 07:43:41 status unpacked libsodium23:amd64 1.0.17-1
2020-02-19 07:43:41 install libzip4:amd64 <none> 1.5.1-4
2020-02-19 07:43:41 status half-installed libzip4:amd64 1.5.1-4
2020-02-19 07:43:41 status unpacked libzip4:amd64 1.5.1-4
2020-02-19 07:43:41 install lpr:amd64 <none> 1:2008.05.17.3
2020-02-19 07:43:41 status half-installed lpr:amd64 1:2008.05.17.3
2020-02-19 07:43:41 status unpacked lpr:amd64 1:2008.05.17.3
2020-02-19 07:43:41 install mysql-common:all <none> 5.8+1.0.5
2020-02-19 07:43:41 status half-installed mysql-common:all 5.8+1.0.5
2020-02-19 07:43:41 status unpacked mysql-common:all 5.8+1.0.5
2020-02-19 07:43:41 install mariadb-common:all <none> 1:10.3.22-0+deb10u1
2020-02-19 07:43:41 status half-installed mariadb-common:all 1:10.3.22-0+deb10u1
2020-02-19 07:43:41 status unpacked mariadb-common:all 1:10.3.22-0+deb10u1
2020-02-19 07:43:41 install mariadb-client-core-10.3:amd64 <none> 1:10.3.22-0+deb10u1
2020-02-19 07:43:41 status half-installed mariadb-client-core-10.3:amd64 1:10.3.22-0+deb10u1
2020-02-19 07:43:41 status unpacked mariadb-client-core-10.3:amd64 1:10.3.22-0+deb10u1
2020-02-19 07:43:41 install mariadb-client-10.3:amd64 <none> 1:10.3.22-0+deb10u1
2020-02-19 07:43:41 status half-installed mariadb-client-10.3:amd64 1:10.3.22-0+deb10u1
2020-02-19 07:43:41 status unpacked mariadb-client-10.3:amd64 1:10.3.22-0+deb10u1
2020-02-19 07:43:41 install mariadb-client:all <none> 1:10.3.22-0+deb10u1
2020-02-19 07:43:41 status half-installed mariadb-client:all 1:10.3.22-0+deb10u1
2020-02-19 07:43:41 status unpacked mariadb-client:all 1:10.3.22-0+deb10u1
2020-02-19 07:43:41 install nginx-full:amd64 <none> 1.14.2-2+deb10u1
2020-02-19 07:43:41 status half-installed nginx-full:amd64 1.14.2-2+deb10u1
2020-02-19 07:43:41 status unpacked nginx-full:amd64 1.14.2-2+deb10u1
2020-02-19 07:43:41 install nginx:all <none> 1.14.2-2+deb10u1
2020-02-19 07:43:41 status half-installed nginx:all 1.14.2-2+deb10u1
2020-02-19 07:43:41 status unpacked nginx:all 1.14.2-2+deb10u1
2020-02-19 07:43:41 install psmisc:amd64 <none> 23.2-1
2020-02-19 07:43:41 status half-installed psmisc:amd64 23.2-1
2020-02-19 07:43:41 status unpacked psmisc:amd64 23.2-1
2020-02-19 07:43:41 install php-common:all <none> 2:69
2020-02-19 07:43:41 status half-installed php-common:all 2:69
2020-02-19 07:43:41 status unpacked php-common:all 2:69
2020-02-19 07:43:41 install php7.3-common:amd64 <none> 7.3.14-1~deb10u1
2020-02-19 07:43:41 status half-installed php7.3-common:amd64 7.3.14-1~deb10u1
2020-02-19 07:43:41 status unpacked php7.3-common:amd64 7.3.14-1~deb10u1
2020-02-19 07:43:41 install php7.3-json:amd64 <none> 7.3.14-1~deb10u1
2020-02-19 07:43:41 status half-installed php7.3-json:amd64 7.3.14-1~deb10u1
2020-02-19 07:43:41 status unpacked php7.3-json:amd64 7.3.14-1~deb10u1
2020-02-19 07:43:41 install php7.3-opcache:amd64 <none> 7.3.14-1~deb10u1
2020-02-19 07:43:41 status half-installed php7.3-opcache:amd64 7.3.14-1~deb10u1
2020-02-19 07:43:41 status unpacked php7.3-opcache:amd64 7.3.14-1~deb10u1
2020-02-19 07:43:41 install php7.3-readline:amd64 <none> 7.3.14-1~deb10u1
2020-02-19 07:43:41 status half-installed php7.3-readline:amd64 7.3.14-1~deb10u1
2020-02-19 07:43:41 status unpacked php7.3-readline:amd64 7.3.14-1~deb10u1
2020-02-19 07:43:41 install php7.3-cli:amd64 <none> 7.3.14-1~deb10u1
2020-02-19 07:43:41 status half-installed php7.3-cli:amd64 7.3.14-1~deb10u1
2020-02-19 07:43:42 status unpacked php7.3-cli:amd64 7.3.14-1~deb10u1
2020-02-19 07:43:42 install php-cli:all <none> 2:7.3+69
2020-02-19 07:43:42 status half-installed php-cli:all 2:7.3+69
2020-02-19 07:43:42 status unpacked php-cli:all 2:7.3+69
2020-02-19 07:43:42 install php7.3-curl:amd64 <none> 7.3.14-1~deb10u1
2020-02-19 07:43:42 status half-installed php7.3-curl:amd64 7.3.14-1~deb10u1
2020-02-19 07:43:42 status unpacked php7.3-curl:amd64 7.3.14-1~deb10u1
2020-02-19 07:43:42 install php-curl:all <none> 2:7.3+69
2020-02-19 07:43:42 status half-installed php-curl:all 2:7.3+69
2020-02-19 07:43:42 status unpacked php-curl:all 2:7.3+69
2020-02-19 07:43:42 install php7.3-fpm:amd64 <none> 7.3.14-1~deb10u1
2020-02-19 07:43:42 status half-installed php7.3-fpm:amd64 7.3.14-1~deb10u1
2020-02-19 07:43:42 status unpacked php7.3-fpm:amd64 7.3.14-1~deb10u1
2020-02-19 07:43:42 install php-fpm:all <none> 2:7.3+69
2020-02-19 07:43:42 status half-installed php-fpm:all 2:7.3+69
2020-02-19 07:43:42 status unpacked php-fpm:all 2:7.3+69
2020-02-19 07:43:42 install php7.3-gd:amd64 <none> 7.3.14-1~deb10u1
2020-02-19 07:43:42 status half-installed php7.3-gd:amd64 7.3.14-1~deb10u1
2020-02-19 07:43:42 status unpacked php7.3-gd:amd64 7.3.14-1~deb10u1
2020-02-19 07:43:42 install php-gd:all <none> 2:7.3+69
2020-02-19 07:43:42 status half-installed php-gd:all 2:7.3+69
2020-02-19 07:43:42 status unpacked php-gd:all 2:7.3+69
2020-02-19 07:43:42 install php7.3-gmp:amd64 <none> 7.3.14-1~deb10u1
2020-02-19 07:43:42 status half-installed php7.3-gmp:amd64 7.3.14-1~deb10u1
2020-02-19 07:43:42 status unpacked php7.3-gmp:amd64 7.3.14-1~deb10u1
2020-02-19 07:43:42 install php-gmp:all <none> 2:7.3+69
2020-02-19 07:43:42 status half-installed php-gmp:all 2:7.3+69
2020-02-19 07:43:42 status unpacked php-gmp:all 2:7.3+69
2020-02-19 07:43:42 install php7.3-intl:amd64 <none> 7.3.14-1~deb10u1
2020-02-19 07:43:42 status half-installed php7.3-intl:amd64 7.3.14-1~deb10u1
2020-02-19 07:43:42 status unpacked php7.3-intl:amd64 7.3.14-1~deb10u1
2020-02-19 07:43:42 install php-intl:all <none> 2:7.3+69
2020-02-19 07:43:42 status half-installed php-intl:all 2:7.3+69
2020-02-19 07:43:42 status unpacked php-intl:all 2:7.3+69
2020-02-19 07:43:42 install php-json:all <none> 2:7.3+69
2020-02-19 07:43:42 status half-installed php-json:all 2:7.3+69
2020-02-19 07:43:42 status unpacked php-json:all 2:7.3+69
2020-02-19 07:43:42 install php7.3-ldap:amd64 <none> 7.3.14-1~deb10u1
2020-02-19 07:43:42 status half-installed php7.3-ldap:amd64 7.3.14-1~deb10u1
2020-02-19 07:43:42 status unpacked php7.3-ldap:amd64 7.3.14-1~deb10u1
2020-02-19 07:43:42 install php-ldap:all <none> 2:7.3+69
2020-02-19 07:43:42 status half-installed php-ldap:all 2:7.3+69
2020-02-19 07:43:42 status unpacked php-ldap:all 2:7.3+69
2020-02-19 07:43:42 install php7.3-mbstring:amd64 <none> 7.3.14-1~deb10u1
2020-02-19 07:43:42 status half-installed php7.3-mbstring:amd64 7.3.14-1~deb10u1
2020-02-19 07:43:42 status unpacked php7.3-mbstring:amd64 7.3.14-1~deb10u1
2020-02-19 07:43:42 install php-mbstring:all <none> 2:7.3+69
2020-02-19 07:43:42 status half-installed php-mbstring:all 2:7.3+69
2020-02-19 07:43:42 status unpacked php-mbstring:all 2:7.3+69
2020-02-19 07:43:42 install php7.3-mysql:amd64 <none> 7.3.14-1~deb10u1
2020-02-19 07:43:42 status half-installed php7.3-mysql:amd64 7.3.14-1~deb10u1
2020-02-19 07:43:42 status unpacked php7.3-mysql:amd64 7.3.14-1~deb10u1
2020-02-19 07:43:42 install php-mysql:all <none> 2:7.3+69
2020-02-19 07:43:42 status half-installed php-mysql:all 2:7.3+69
2020-02-19 07:43:42 status unpacked php-mysql:all 2:7.3+69
2020-02-19 07:43:42 install php7.3-xml:amd64 <none> 7.3.14-1~deb10u1
2020-02-19 07:43:42 status half-installed php7.3-xml:amd64 7.3.14-1~deb10u1
2020-02-19 07:43:42 status unpacked php7.3-xml:amd64 7.3.14-1~deb10u1
2020-02-19 07:43:42 install php-xml:all <none> 2:7.3+69
2020-02-19 07:43:42 status half-installed php-xml:all 2:7.3+69
2020-02-19 07:43:42 status unpacked php-xml:all 2:7.3+69
2020-02-19 07:43:42 install php7.3-zip:amd64 <none> 7.3.14-1~deb10u1
2020-02-19 07:43:42 status half-installed php7.3-zip:amd64 7.3.14-1~deb10u1
2020-02-19 07:43:42 status unpacked php7.3-zip:amd64 7.3.14-1~deb10u1
2020-02-19 07:43:42 install php-zip:all <none> 2:7.3+69
2020-02-19 07:43:42 status half-installed php-zip:all 2:7.3+69
2020-02-19 07:43:42 status unpacked php-zip:all 2:7.3+69
2020-02-19 07:43:42 install python-meld3:all <none> 1.0.2-2
2020-02-19 07:43:42 status half-installed python-meld3:all 1.0.2-2
2020-02-19 07:43:42 status unpacked python-meld3:all 1.0.2-2
2020-02-19 07:43:42 install python-pkg-resources:all <none> 40.8.0-1
2020-02-19 07:43:42 status half-installed python-pkg-resources:all 40.8.0-1
2020-02-19 07:43:42 status unpacked python-pkg-resources:all 40.8.0-1
2020-02-19 07:43:42 install supervisor:all <none> 3.3.5-1
2020-02-19 07:43:42 status half-installed supervisor:all 3.3.5-1
2020-02-19 07:43:42 status unpacked supervisor:all 3.3.5-1
2020-02-19 07:43:42 install unzip:amd64 <none> 6.0-23+deb10u1
2020-02-19 07:43:42 status half-installed unzip:amd64 6.0-23+deb10u1
2020-02-19 07:43:42 status unpacked unzip:amd64 6.0-23+deb10u1
2020-02-19 07:43:42 install zip:amd64 <none> 3.0-11+b1
2020-02-19 07:43:42 status half-installed zip:amd64 3.0-11+b1
2020-02-19 07:43:42 status unpacked zip:amd64 3.0-11+b1
2020-02-19 07:43:42 startup packages configure
2020-02-19 07:43:42 configure perl-modules-5.28:all 5.28.1-6 <none>
2020-02-19 07:43:42 status unpacked perl-modules-5.28:all 5.28.1-6
2020-02-19 07:43:42 status half-configured perl-modules-5.28:all 5.28.1-6
2020-02-19 07:43:42 status installed perl-modules-5.28:all 5.28.1-6
2020-02-19 07:43:42 configure libconfig-inifiles-perl:all 3.000001-1 <none>
2020-02-19 07:43:42 status unpacked libconfig-inifiles-perl:all 3.000001-1
2020-02-19 07:43:42 status half-configured libconfig-inifiles-perl:all 3.000001-1
2020-02-19 07:43:42 status installed libconfig-inifiles-perl:all 3.000001-1
2020-02-19 07:43:42 configure libexpat1:amd64 2.2.6-2+deb10u1 <none>
2020-02-19 07:43:42 status unpacked libexpat1:amd64 2.2.6-2+deb10u1
2020-02-19 07:43:42 status half-configured libexpat1:amd64 2.2.6-2+deb10u1
2020-02-19 07:43:42 status installed libexpat1:amd64 2.2.6-2+deb10u1
2020-02-19 07:43:42 configure lsb-base:all 10.2019051400 <none>
2020-02-19 07:43:42 status unpacked lsb-base:all 10.2019051400
2020-02-19 07:43:42 status half-configured lsb-base:all 10.2019051400
2020-02-19 07:43:42 status installed lsb-base:all 10.2019051400
2020-02-19 07:43:42 configure mysql-common:all 5.8+1.0.5 <none>
2020-02-19 07:43:42 status unpacked mysql-common:all 5.8+1.0.5
2020-02-19 07:43:42 status half-configured mysql-common:all 5.8+1.0.5
2020-02-19 07:43:42 status installed mysql-common:all 5.8+1.0.5
2020-02-19 07:43:42 configure libxau6:amd64 1:1.0.8-1+b2 <none>
2020-02-19 07:43:42 status unpacked libxau6:amd64 1:1.0.8-1+b2
2020-02-19 07:43:42 status half-configured libxau6:amd64 1:1.0.8-1+b2
2020-02-19 07:43:42 status installed libxau6:amd64 1:1.0.8-1+b2
2020-02-19 07:43:42 configure libkeyutils1:amd64 1.6-6 <none>
2020-02-19 07:43:42 status unpacked libkeyutils1:amd64 1.6-6
2020-02-19 07:43:42 status half-configured libkeyutils1:amd64 1.6-6
2020-02-19 07:43:42 status installed libkeyutils1:amd64 1.6-6
2020-02-19 07:43:42 configure libapparmor1:amd64 2.13.2-10 <none>
2020-02-19 07:43:42 status unpacked libapparmor1:amd64 2.13.2-10
2020-02-19 07:43:42 status half-configured libapparmor1:amd64 2.13.2-10
2020-02-19 07:43:42 status installed libapparmor1:amd64 2.13.2-10
2020-02-19 07:43:42 configure libpsl5:amd64 0.20.2-2 <none>
2020-02-19 07:43:42 status unpacked libpsl5:amd64 0.20.2-2
2020-02-19 07:43:42 status half-configured libpsl5:amd64 0.20.2-2
2020-02-19 07:43:42 status installed libpsl5:amd64 0.20.2-2
2020-02-19 07:43:42 configure libsodium23:amd64 1.0.17-1 <none>
2020-02-19 07:43:42 status unpacked libsodium23:amd64 1.0.17-1
2020-02-19 07:43:42 status half-configured libsodium23:amd64 1.0.17-1
2020-02-19 07:43:42 status installed libsodium23:amd64 1.0.17-1
2020-02-19 07:43:42 configure mime-support:all 3.62 <none>
2020-02-19 07:43:42 status unpacked mime-support:all 3.62
2020-02-19 07:43:42 status half-configured mime-support:all 3.62
2020-02-19 07:43:42 status installed mime-support:all 3.62
2020-02-19 07:43:42 configure libmagic-mgc:amd64 1:5.35-4+deb10u1 <none>
2020-02-19 07:43:42 status unpacked libmagic-mgc:amd64 1:5.35-4+deb10u1
2020-02-19 07:43:42 status half-configured libmagic-mgc:amd64 1:5.35-4+deb10u1
2020-02-19 07:43:42 status installed libmagic-mgc:amd64 1:5.35-4+deb10u1
2020-02-19 07:43:42 configure psmisc:amd64 23.2-1 <none>
2020-02-19 07:43:42 status unpacked psmisc:amd64 23.2-1
2020-02-19 07:43:42 status half-configured psmisc:amd64 23.2-1
2020-02-19 07:43:42 status installed psmisc:amd64 23.2-1
2020-02-19 07:43:42 configure libssl1.1:amd64 1.1.1d-0+deb10u2 <none>
2020-02-19 07:43:42 status unpacked libssl1.1:amd64 1.1.1d-0+deb10u2
2020-02-19 07:43:42 status half-configured libssl1.1:amd64 1.1.1d-0+deb10u2
2020-02-19 07:43:43 status installed libssl1.1:amd64 1.1.1d-0+deb10u2
2020-02-19 07:43:43 configure libargon2-1:amd64 0~20171227-0.2 <none>
2020-02-19 07:43:43 status unpacked libargon2-1:amd64 0~20171227-0.2
2020-02-19 07:43:43 status half-configured libargon2-1:amd64 0~20171227-0.2
2020-02-19 07:43:43 status installed libargon2-1:amd64 0~20171227-0.2
2020-02-19 07:43:43 configure libzip4:amd64 1.5.1-4 <none>
2020-02-19 07:43:43 status unpacked libzip4:amd64 1.5.1-4
2020-02-19 07:43:43 status half-configured libzip4:amd64 1.5.1-4
2020-02-19 07:43:43 status installed libzip4:amd64 1.5.1-4
2020-02-19 07:43:43 configure unzip:amd64 6.0-23+deb10u1 <none>
2020-02-19 07:43:43 status unpacked unzip:amd64 6.0-23+deb10u1
2020-02-19 07:43:43 status half-configured unzip:amd64 6.0-23+deb10u1
2020-02-19 07:43:43 status installed unzip:amd64 6.0-23+deb10u1
2020-02-19 07:43:43 configure libsqlite3-0:amd64 3.27.2-3 <none>
2020-02-19 07:43:43 status unpacked libsqlite3-0:amd64 3.27.2-3
2020-02-19 07:43:43 status half-configured libsqlite3-0:amd64 3.27.2-3
2020-02-19 07:43:43 status installed libsqlite3-0:amd64 3.27.2-3
2020-02-19 07:43:43 configure libnghttp2-14:amd64 1.36.0-2+deb10u1 <none>
2020-02-19 07:43:43 status unpacked libnghttp2-14:amd64 1.36.0-2+deb10u1
2020-02-19 07:43:43 status half-configured libnghttp2-14:amd64 1.36.0-2+deb10u1
2020-02-19 07:43:43 status installed libnghttp2-14:amd64 1.36.0-2+deb10u1
2020-02-19 07:43:43 configure libmagic1:amd64 1:5.35-4+deb10u1 <none>
2020-02-19 07:43:43 status unpacked libmagic1:amd64 1:5.35-4+deb10u1
2020-02-19 07:43:43 status half-configured libmagic1:amd64 1:5.35-4+deb10u1
2020-02-19 07:43:43 status installed libmagic1:amd64 1:5.35-4+deb10u1
2020-02-19 07:43:43 configure libapr1:amd64 1.6.5-1+b1 <none>
2020-02-19 07:43:43 status unpacked libapr1:amd64 1.6.5-1+b1
2020-02-19 07:43:43 status half-configured libapr1:amd64 1.6.5-1+b1
2020-02-19 07:43:43 status installed libapr1:amd64 1.6.5-1+b1
2020-02-19 07:43:43 configure nginx-common:all 1.14.2-2+deb10u1 <none>
2020-02-19 07:43:43 status unpacked nginx-common:all 1.14.2-2+deb10u1
2020-02-19 07:43:43 status half-configured nginx-common:all 1.14.2-2+deb10u1
2020-02-19 07:43:43 status installed nginx-common:all 1.14.2-2+deb10u1
2020-02-19 07:43:43 configure libldap-common:all 2.4.47+dfsg-3+deb10u1 <none>
2020-02-19 07:43:43 status unpacked libldap-common:all 2.4.47+dfsg-3+deb10u1
2020-02-19 07:43:43 status half-configured libldap-common:all 2.4.47+dfsg-3+deb10u1
2020-02-19 07:43:43 status installed libldap-common:all 2.4.47+dfsg-3+deb10u1
2020-02-19 07:43:43 configure libjbig0:amd64 2.1-3.1+b2 <none>
2020-02-19 07:43:43 status unpacked libjbig0:amd64 2.1-3.1+b2
2020-02-19 07:43:43 status half-configured libjbig0:amd64 2.1-3.1+b2
2020-02-19 07:43:43 status installed libjbig0:amd64 2.1-3.1+b2
2020-02-19 07:43:43 configure libicu63:amd64 63.1-6 <none>
2020-02-19 07:43:43 status unpacked libicu63:amd64 63.1-6
2020-02-19 07:43:43 status half-configured libicu63:amd64 63.1-6
2020-02-19 07:43:43 status installed libicu63:amd64 63.1-6
2020-02-19 07:43:43 configure libsnappy1v5:amd64 1.1.7-1 <none>
2020-02-19 07:43:43 status unpacked libsnappy1v5:amd64 1.1.7-1
2020-02-19 07:43:43 status half-configured libsnappy1v5:amd64 1.1.7-1
2020-02-19 07:43:43 status installed libsnappy1v5:amd64 1.1.7-1
2020-02-19 07:43:43 configure acl:amd64 2.2.53-4 <none>
2020-02-19 07:43:43 status unpacked acl:amd64 2.2.53-4
2020-02-19 07:43:43 status half-configured acl:amd64 2.2.53-4
2020-02-19 07:43:43 status installed acl:amd64 2.2.53-4
2020-02-19 07:43:43 configure libkrb5support0:amd64 1.17-3 <none>
2020-02-19 07:43:43 status unpacked libkrb5support0:amd64 1.17-3
2020-02-19 07:43:43 status half-configured libkrb5support0:amd64 1.17-3
2020-02-19 07:43:43 status installed libkrb5support0:amd64 1.17-3
2020-02-19 07:43:43 configure libsasl2-modules-db:amd64 2.1.27+dfsg-1+deb10u1 <none>
2020-02-19 07:43:43 status unpacked libsasl2-modules-db:amd64 2.1.27+dfsg-1+deb10u1
2020-02-19 07:43:43 status half-configured libsasl2-modules-db:amd64 2.1.27+dfsg-1+deb10u1
2020-02-19 07:43:43 status installed libsasl2-modules-db:amd64 2.1.27+dfsg-1+deb10u1
2020-02-19 07:43:43 configure mariadb-common:all 1:10.3.22-0+deb10u1 <none>
2020-02-19 07:43:43 status unpacked mariadb-common:all 1:10.3.22-0+deb10u1
2020-02-19 07:43:43 status half-configured mariadb-common:all 1:10.3.22-0+deb10u1
2020-02-19 07:43:43 status installed mariadb-common:all 1:10.3.22-0+deb10u1
2020-02-19 07:43:43 configure zip:amd64 3.0-11+b1 <none>
2020-02-19 07:43:43 status unpacked zip:amd64 3.0-11+b1
2020-02-19 07:43:43 status half-configured zip:amd64 3.0-11+b1
2020-02-19 07:43:43 status installed zip:amd64 3.0-11+b1
2020-02-19 07:43:43 configure libjpeg62-turbo:amd64 1:1.5.2-2+b1 <none>
2020-02-19 07:43:43 status unpacked libjpeg62-turbo:amd64 1:1.5.2-2+b1
2020-02-19 07:43:43 status half-configured libjpeg62-turbo:amd64 1:1.5.2-2+b1
2020-02-19 07:43:43 status installed libjpeg62-turbo:amd64 1:1.5.2-2+b1
2020-02-19 07:43:43 configure libnginx-mod-http-auth-pam:amd64 1.14.2-2+deb10u1 <none>
2020-02-19 07:43:43 status unpacked libnginx-mod-http-auth-pam:amd64 1.14.2-2+deb10u1
2020-02-19 07:43:43 status half-configured libnginx-mod-http-auth-pam:amd64 1.14.2-2+deb10u1
2020-02-19 07:43:43 status installed libnginx-mod-http-auth-pam:amd64 1.14.2-2+deb10u1
2020-02-19 07:43:43 configure libx11-data:all 2:1.6.7-1 <none>
2020-02-19 07:43:43 status unpacked libx11-data:all 2:1.6.7-1
2020-02-19 07:43:43 status half-configured libx11-data:all 2:1.6.7-1
2020-02-19 07:43:43 status installed libx11-data:all 2:1.6.7-1
2020-02-19 07:43:43 configure librtmp1:amd64 2.4+20151223.gitfa8646d.1-2 <none>
2020-02-19 07:43:43 status unpacked librtmp1:amd64 2.4+20151223.gitfa8646d.1-2
2020-02-19 07:43:43 status half-configured librtmp1:amd64 2.4+20151223.gitfa8646d.1-2
2020-02-19 07:43:43 status installed librtmp1:amd64 2.4+20151223.gitfa8646d.1-2
2020-02-19 07:43:43 configure libncurses6:amd64 6.1+20181013-2+deb10u2 <none>
2020-02-19 07:43:43 status unpacked libncurses6:amd64 6.1+20181013-2+deb10u2
2020-02-19 07:43:43 status half-configured libncurses6:amd64 6.1+20181013-2+deb10u2
2020-02-19 07:43:43 status installed libncurses6:amd64 6.1+20181013-2+deb10u2
2020-02-19 07:43:43 configure libpng16-16:amd64 1.6.36-6 <none>
2020-02-19 07:43:43 status unpacked libpng16-16:amd64 1.6.36-6
2020-02-19 07:43:43 status half-configured libpng16-16:amd64 1.6.36-6
2020-02-19 07:43:43 status installed libpng16-16:amd64 1.6.36-6
2020-02-19 07:43:43 configure libwebp6:amd64 0.6.1-2 <none>
2020-02-19 07:43:43 status unpacked libwebp6:amd64 0.6.1-2
2020-02-19 07:43:43 status half-configured libwebp6:amd64 0.6.1-2
2020-02-19 07:43:43 status installed libwebp6:amd64 0.6.1-2
2020-02-19 07:43:43 configure fonts-dejavu-core:all 2.37-1 <none>
2020-02-19 07:43:43 status unpacked fonts-dejavu-core:all 2.37-1
2020-02-19 07:43:43 status half-configured fonts-dejavu-core:all 2.37-1
2020-02-19 07:43:43 status installed fonts-dejavu-core:all 2.37-1
2020-02-19 07:43:43 configure libpcre2-8-0:amd64 10.32-5 <none>
2020-02-19 07:43:43 status unpacked libpcre2-8-0:amd64 10.32-5
2020-02-19 07:43:43 status half-configured libpcre2-8-0:amd64 10.32-5
2020-02-19 07:43:43 status installed libpcre2-8-0:amd64 10.32-5
2020-02-19 07:43:43 configure libk5crypto3:amd64 1.17-3 <none>
2020-02-19 07:43:43 status unpacked libk5crypto3:amd64 1.17-3
2020-02-19 07:43:43 status half-configured libk5crypto3:amd64 1.17-3
2020-02-19 07:43:43 status installed libk5crypto3:amd64 1.17-3
2020-02-19 07:43:43 configure libsasl2-2:amd64 2.1.27+dfsg-1+deb10u1 <none>
2020-02-19 07:43:43 status unpacked libsasl2-2:amd64 2.1.27+dfsg-1+deb10u1
2020-02-19 07:43:43 status half-configured libsasl2-2:amd64 2.1.27+dfsg-1+deb10u1
2020-02-19 07:43:43 status installed libsasl2-2:amd64 2.1.27+dfsg-1+deb10u1
2020-02-19 07:43:43 configure libnginx-mod-http-echo:amd64 1.14.2-2+deb10u1 <none>
2020-02-19 07:43:43 status unpacked libnginx-mod-http-echo:amd64 1.14.2-2+deb10u1
2020-02-19 07:43:43 status half-configured libnginx-mod-http-echo:amd64 1.14.2-2+deb10u1
2020-02-19 07:43:43 status installed libnginx-mod-http-echo:amd64 1.14.2-2+deb10u1
2020-02-19 07:43:43 configure libnginx-mod-http-subs-filter:amd64 1.14.2-2+deb10u1 <none>
2020-02-19 07:43:43 status unpacked libnginx-mod-http-subs-filter:amd64 1.14.2-2+deb10u1
2020-02-19 07:43:43 status half-configured libnginx-mod-http-subs-filter:amd64 1.14.2-2+deb10u1
2020-02-19 07:43:43 status installed libnginx-mod-http-subs-filter:amd64 1.14.2-2+deb10u1
2020-02-19 07:43:43 configure sensible-utils:all 0.0.12 <none>
2020-02-19 07:43:43 status unpacked sensible-utils:all 0.0.12
2020-02-19 07:43:43 status half-configured sensible-utils:all 0.0.12
2020-02-19 07:43:43 status installed sensible-utils:all 0.0.12
2020-02-19 07:43:43 configure libgeoip1:amd64 1.6.12-1 <none>
2020-02-19 07:43:43 status unpacked libgeoip1:amd64 1.6.12-1
2020-02-19 07:43:43 status half-configured libgeoip1:amd64 1.6.12-1
2020-02-19 07:43:43 status installed libgeoip1:amd64 1.6.12-1
2020-02-19 07:43:43 configure libssh2-1:amd64 1.8.0-2.1 <none>
2020-02-19 07:43:43 status unpacked libssh2-1:amd64 1.8.0-2.1
2020-02-19 07:43:43 status half-configured libssh2-1:amd64 1.8.0-2.1
2020-02-19 07:43:43 status installed libssh2-1:amd64 1.8.0-2.1
2020-02-19 07:43:43 configure netbase:all 5.6 <none>
2020-02-19 07:43:43 status unpacked netbase:all 5.6
2020-02-19 07:43:43 status half-configured netbase:all 5.6
2020-02-19 07:43:43 status installed netbase:all 5.6
2020-02-19 07:43:43 configure libkrb5-3:amd64 1.17-3 <none>
2020-02-19 07:43:43 status unpacked libkrb5-3:amd64 1.17-3
2020-02-19 07:43:43 status half-configured libkrb5-3:amd64 1.17-3
2020-02-19 07:43:43 status installed libkrb5-3:amd64 1.17-3
2020-02-19 07:43:43 configure libtiff5:amd64 4.1.0+git191117-2~deb10u1 <none>
2020-02-19 07:43:43 status unpacked libtiff5:amd64 4.1.0+git191117-2~deb10u1
2020-02-19 07:43:43 status half-configured libtiff5:amd64 4.1.0+git191117-2~deb10u1
2020-02-19 07:43:43 status installed libtiff5:amd64 4.1.0+git191117-2~deb10u1
2020-02-19 07:43:43 configure libaio1:amd64 0.3.112-3 <none>
2020-02-19 07:43:43 status unpacked libaio1:amd64 0.3.112-3
2020-02-19 07:43:43 status half-configured libaio1:amd64 0.3.112-3
2020-02-19 07:43:43 status installed libaio1:amd64 0.3.112-3
2020-02-19 07:43:43 configure libbsd0:amd64 0.9.1-2 <none>
2020-02-19 07:43:43 status unpacked libbsd0:amd64 0.9.1-2
2020-02-19 07:43:43 status half-configured libbsd0:amd64 0.9.1-2
2020-02-19 07:43:43 status installed libbsd0:amd64 0.9.1-2
2020-02-19 07:43:43 configure readline-common:all 7.0-5 <none>
2020-02-19 07:43:43 status unpacked readline-common:all 7.0-5
2020-02-19 07:43:43 status half-configured readline-common:all 7.0-5
2020-02-19 07:43:43 status installed readline-common:all 7.0-5
2020-02-19 07:43:43 configure libxml2:amd64 2.9.4+dfsg1-7+b3 <none>
2020-02-19 07:43:43 status unpacked libxml2:amd64 2.9.4+dfsg1-7+b3
2020-02-19 07:43:43 status half-configured libxml2:amd64 2.9.4+dfsg1-7+b3
2020-02-19 07:43:43 status installed libxml2:amd64 2.9.4+dfsg1-7+b3
2020-02-19 07:43:43 configure libreadline7:amd64 7.0-5 <none>
2020-02-19 07:43:43 status unpacked libreadline7:amd64 7.0-5
2020-02-19 07:43:43 status half-configured libreadline7:amd64 7.0-5
2020-02-19 07:43:43 status installed libreadline7:amd64 7.0-5
2020-02-19 07:43:43 configure libgdbm6:amd64 1.18.1-4 <none>
2020-02-19 07:43:43 status unpacked libgdbm6:amd64 1.18.1-4
2020-02-19 07:43:43 status half-configured libgdbm6:amd64 1.18.1-4
2020-02-19 07:43:43 status installed libgdbm6:amd64 1.18.1-4
2020-02-19 07:43:43 configure libaprutil1:amd64 1.6.1-4 <none>
2020-02-19 07:43:43 status unpacked libaprutil1:amd64 1.6.1-4
2020-02-19 07:43:43 status half-configured libaprutil1:amd64 1.6.1-4
2020-02-19 07:43:43 status installed libaprutil1:amd64 1.6.1-4
2020-02-19 07:43:43 configure php-common:all 2:69 <none>
2020-02-19 07:43:43 status unpacked php-common:all 2:69
2020-02-19 07:43:43 status half-configured php-common:all 2:69
2020-02-19 07:43:43 status installed php-common:all 2:69
2020-02-19 07:43:43 configure libnginx-mod-mail:amd64 1.14.2-2+deb10u1 <none>
2020-02-19 07:43:43 status unpacked libnginx-mod-mail:amd64 1.14.2-2+deb10u1
2020-02-19 07:43:43 status half-configured libnginx-mod-mail:amd64 1.14.2-2+deb10u1
2020-02-19 07:43:43 status installed libnginx-mod-mail:amd64 1.14.2-2+deb10u1
2020-02-19 07:43:43 configure libxdmcp6:amd64 1:1.1.2-3 <none>
2020-02-19 07:43:43 status unpacked libxdmcp6:amd64 1:1.1.2-3
2020-02-19 07:43:43 status half-configured libxdmcp6:amd64 1:1.1.2-3
2020-02-19 07:43:43 status installed libxdmcp6:amd64 1:1.1.2-3
2020-02-19 07:43:43 configure libxcb1:amd64 1.13.1-2 <none>
2020-02-19 07:43:43 status unpacked libxcb1:amd64 1.13.1-2
2020-02-19 07:43:43 status half-configured libxcb1:amd64 1.13.1-2
2020-02-19 07:43:43 status installed libxcb1:amd64 1.13.1-2
2020-02-19 07:43:43 configure libreadline5:amd64 5.2+dfsg-3+b13 <none>
2020-02-19 07:43:43 status unpacked libreadline5:amd64 5.2+dfsg-3+b13
2020-02-19 07:43:43 status half-configured libreadline5:amd64 5.2+dfsg-3+b13
2020-02-19 07:43:43 status installed libreadline5:amd64 5.2+dfsg-3+b13
2020-02-19 07:43:43 configure libedit2:amd64 3.1-20181209-1 <none>
2020-02-19 07:43:43 status unpacked libedit2:amd64 3.1-20181209-1
2020-02-19 07:43:43 status half-configured libedit2:amd64 3.1-20181209-1
2020-02-19 07:43:43 status installed libedit2:amd64 3.1-20181209-1
2020-02-19 07:43:43 configure libnginx-mod-stream:amd64 1.14.2-2+deb10u1 <none>
2020-02-19 07:43:43 status unpacked libnginx-mod-stream:amd64 1.14.2-2+deb10u1
2020-02-19 07:43:43 status half-configured libnginx-mod-stream:amd64 1.14.2-2+deb10u1
2020-02-19 07:43:43 status installed libnginx-mod-stream:amd64 1.14.2-2+deb10u1
2020-02-19 07:43:43 configure libnginx-mod-http-upstream-fair:amd64 1.14.2-2+deb10u1 <none>
2020-02-19 07:43:43 status unpacked libnginx-mod-http-upstream-fair:amd64 1.14.2-2+deb10u1
2020-02-19 07:43:43 status half-configured libnginx-mod-http-upstream-fair:amd64 1.14.2-2+deb10u1
2020-02-19 07:43:43 status installed libnginx-mod-http-upstream-fair:amd64 1.14.2-2+deb10u1
2020-02-19 07:43:43 configure libldap-2.4-2:amd64 2.4.47+dfsg-3+deb10u1 <none>
2020-02-19 07:43:43 status unpacked libldap-2.4-2:amd64 2.4.47+dfsg-3+deb10u1
2020-02-19 07:43:43 status half-configured libldap-2.4-2:amd64 2.4.47+dfsg-3+deb10u1
2020-02-19 07:43:43 status installed libldap-2.4-2:amd64 2.4.47+dfsg-3+deb10u1
2020-02-19 07:43:43 configure libpython2.7-stdlib:amd64 2.7.16-2+deb10u1 <none>
2020-02-19 07:43:43 status unpacked libpython2.7-stdlib:amd64 2.7.16-2+deb10u1
2020-02-19 07:43:43 status half-configured libpython2.7-stdlib:amd64 2.7.16-2+deb10u1
2020-02-19 07:43:43 status installed libpython2.7-stdlib:amd64 2.7.16-2+deb10u1
2020-02-19 07:43:43 configure libnginx-mod-http-geoip:amd64 1.14.2-2+deb10u1 <none>
2020-02-19 07:43:43 status unpacked libnginx-mod-http-geoip:amd64 1.14.2-2+deb10u1
2020-02-19 07:43:43 status half-configured libnginx-mod-http-geoip:amd64 1.14.2-2+deb10u1
2020-02-19 07:43:43 status installed libnginx-mod-http-geoip:amd64 1.14.2-2+deb10u1
2020-02-19 07:43:43 configure libfreetype6:amd64 2.9.1-3+deb10u1 <none>
2020-02-19 07:43:43 status unpacked libfreetype6:amd64 2.9.1-3+deb10u1
2020-02-19 07:43:43 status half-configured libfreetype6:amd64 2.9.1-3+deb10u1
2020-02-19 07:43:43 status installed libfreetype6:amd64 2.9.1-3+deb10u1
2020-02-19 07:43:43 configure libgssapi-krb5-2:amd64 1.17-3 <none>
2020-02-19 07:43:43 status unpacked libgssapi-krb5-2:amd64 1.17-3
2020-02-19 07:43:43 status half-configured libgssapi-krb5-2:amd64 1.17-3
2020-02-19 07:43:43 status installed libgssapi-krb5-2:amd64 1.17-3
2020-02-19 07:43:43 configure libgdbm-compat4:amd64 1.18.1-4 <none>
2020-02-19 07:43:43 status unpacked libgdbm-compat4:amd64 1.18.1-4
2020-02-19 07:43:43 status half-configured libgdbm-compat4:amd64 1.18.1-4
2020-02-19 07:43:43 status installed libgdbm-compat4:amd64 1.18.1-4
2020-02-19 07:43:43 configure ucf:all 3.0038+nmu1 <none>
2020-02-19 07:43:43 status unpacked ucf:all 3.0038+nmu1
2020-02-19 07:43:43 status half-configured ucf:all 3.0038+nmu1
2020-02-19 07:43:43 status installed ucf:all 3.0038+nmu1
2020-02-19 07:43:43 configure libperl5.28:amd64 5.28.1-6 <none>
2020-02-19 07:43:43 status unpacked libperl5.28:amd64 5.28.1-6
2020-02-19 07:43:43 status half-configured libperl5.28:amd64 5.28.1-6
2020-02-19 07:43:43 status installed libperl5.28:amd64 5.28.1-6
2020-02-19 07:43:43 configure lpr:amd64 1:2008.05.17.3 <none>
2020-02-19 07:43:43 status unpacked lpr:amd64 1:2008.05.17.3
2020-02-19 07:43:43 status half-configured lpr:amd64 1:2008.05.17.3
2020-02-19 07:43:43 status installed lpr:amd64 1:2008.05.17.3
2020-02-19 07:43:43 configure mariadb-client-core-10.3:amd64 1:10.3.22-0+deb10u1 <none>
2020-02-19 07:43:43 status unpacked mariadb-client-core-10.3:amd64 1:10.3.22-0+deb10u1
2020-02-19 07:43:43 status half-configured mariadb-client-core-10.3:amd64 1:10.3.22-0+deb10u1
2020-02-19 07:43:43 status installed mariadb-client-core-10.3:amd64 1:10.3.22-0+deb10u1
2020-02-19 07:43:43 configure libxslt1.1:amd64 1.1.32-2.2~deb10u1 <none>
2020-02-19 07:43:43 status unpacked libxslt1.1:amd64 1.1.32-2.2~deb10u1
2020-02-19 07:43:43 status half-configured libxslt1.1:amd64 1.1.32-2.2~deb10u1
2020-02-19 07:43:43 status installed libxslt1.1:amd64 1.1.32-2.2~deb10u1
2020-02-19 07:43:43 configure libcurl4:amd64 7.64.0-4 <none>
2020-02-19 07:43:43 status unpacked libcurl4:amd64 7.64.0-4
2020-02-19 07:43:43 status half-configured libcurl4:amd64 7.64.0-4
2020-02-19 07:43:43 status installed libcurl4:amd64 7.64.0-4
2020-02-19 07:43:43 configure libx11-6:amd64 2:1.6.7-1 <none>
2020-02-19 07:43:43 status unpacked libx11-6:amd64 2:1.6.7-1
2020-02-19 07:43:43 status half-configured libx11-6:amd64 2:1.6.7-1
2020-02-19 07:43:43 status installed libx11-6:amd64 2:1.6.7-1
2020-02-19 07:43:43 configure apache2-utils:amd64 2.4.38-3+deb10u3 <none>
2020-02-19 07:43:43 status unpacked apache2-utils:amd64 2.4.38-3+deb10u3
2020-02-19 07:43:43 status half-configured apache2-utils:amd64 2.4.38-3+deb10u3
2020-02-19 07:43:43 status installed apache2-utils:amd64 2.4.38-3+deb10u3
2020-02-19 07:43:43 configure libnginx-mod-http-dav-ext:amd64 1.14.2-2+deb10u1 <none>
2020-02-19 07:43:43 status unpacked libnginx-mod-http-dav-ext:amd64 1.14.2-2+deb10u1
2020-02-19 07:43:43 status half-configured libnginx-mod-http-dav-ext:amd64 1.14.2-2+deb10u1
2020-02-19 07:43:43 status installed libnginx-mod-http-dav-ext:amd64 1.14.2-2+deb10u1
2020-02-19 07:43:43 configure libpaper1:amd64 1.1.28 <none>
2020-02-19 07:43:43 status unpacked libpaper1:amd64 1.1.28
2020-02-19 07:43:43 status half-configured libpaper1:amd64 1.1.28
2020-02-19 07:43:43 status installed libpaper1:amd64 1.1.28
2020-02-19 07:43:43 configure libxpm4:amd64 1:3.5.12-1 <none>
2020-02-19 07:43:43 status unpacked libxpm4:amd64 1:3.5.12-1
2020-02-19 07:43:43 status half-configured libxpm4:amd64 1:3.5.12-1
2020-02-19 07:43:43 status installed libxpm4:amd64 1:3.5.12-1
2020-02-19 07:43:43 configure python2.7:amd64 2.7.16-2+deb10u1 <none>
2020-02-19 07:43:43 status unpacked python2.7:amd64 2.7.16-2+deb10u1
2020-02-19 07:43:43 status half-configured python2.7:amd64 2.7.16-2+deb10u1
2020-02-19 07:43:44 status installed python2.7:amd64 2.7.16-2+deb10u1
2020-02-19 07:43:44 configure libpython2-stdlib:amd64 2.7.16-1 <none>
2020-02-19 07:43:44 status unpacked libpython2-stdlib:amd64 2.7.16-1
2020-02-19 07:43:44 status half-configured libpython2-stdlib:amd64 2.7.16-1
2020-02-19 07:43:44 status installed libpython2-stdlib:amd64 2.7.16-1
2020-02-19 07:43:44 configure fontconfig-config:all 2.13.1-2 <none>
2020-02-19 07:43:44 status unpacked fontconfig-config:all 2.13.1-2
2020-02-19 07:43:44 status half-configured fontconfig-config:all 2.13.1-2
2020-02-19 07:43:44 status installed fontconfig-config:all 2.13.1-2
2020-02-19 07:43:44 configure python2:amd64 2.7.16-1 <none>
2020-02-19 07:43:44 status unpacked python2:amd64 2.7.16-1
2020-02-19 07:43:44 status half-configured python2:amd64 2.7.16-1
2020-02-19 07:43:44 status installed python2:amd64 2.7.16-1
2020-02-19 07:43:44 configure libpython-stdlib:amd64 2.7.16-1 <none>
2020-02-19 07:43:44 status unpacked libpython-stdlib:amd64 2.7.16-1
2020-02-19 07:43:44 status half-configured libpython-stdlib:amd64 2.7.16-1
2020-02-19 07:43:44 status installed libpython-stdlib:amd64 2.7.16-1
2020-02-19 07:43:44 configure libnginx-mod-http-xslt-filter:amd64 1.14.2-2+deb10u1 <none>
2020-02-19 07:43:44 status unpacked libnginx-mod-http-xslt-filter:amd64 1.14.2-2+deb10u1
2020-02-19 07:43:44 status half-configured libnginx-mod-http-xslt-filter:amd64 1.14.2-2+deb10u1
2020-02-19 07:43:44 status installed libnginx-mod-http-xslt-filter:amd64 1.14.2-2+deb10u1
2020-02-19 07:43:44 configure perl:amd64 5.28.1-6 <none>
2020-02-19 07:43:44 status unpacked perl:amd64 5.28.1-6
2020-02-19 07:43:44 status half-configured perl:amd64 5.28.1-6
2020-02-19 07:43:44 status installed perl:amd64 5.28.1-6
2020-02-19 07:43:44 configure php7.3-common:amd64 7.3.14-1~deb10u1 <none>
2020-02-19 07:43:44 status unpacked php7.3-common:amd64 7.3.14-1~deb10u1
2020-02-19 07:43:44 status half-configured php7.3-common:amd64 7.3.14-1~deb10u1
2020-02-19 07:43:47 status installed php7.3-common:amd64 7.3.14-1~deb10u1
2020-02-19 07:43:47 configure enscript:amd64 1.6.5.90-3 <none>
2020-02-19 07:43:47 status unpacked enscript:amd64 1.6.5.90-3
2020-02-19 07:43:47 status half-configured enscript:amd64 1.6.5.90-3
2020-02-19 07:43:47 status installed enscript:amd64 1.6.5.90-3
2020-02-19 07:43:47 configure mariadb-client-10.3:amd64 1:10.3.22-0+deb10u1 <none>
2020-02-19 07:43:47 status unpacked mariadb-client-10.3:amd64 1:10.3.22-0+deb10u1
2020-02-19 07:43:47 status half-configured mariadb-client-10.3:amd64 1:10.3.22-0+deb10u1
2020-02-19 07:43:47 status installed mariadb-client-10.3:amd64 1:10.3.22-0+deb10u1
2020-02-19 07:43:47 configure php7.3-mysql:amd64 7.3.14-1~deb10u1 <none>
2020-02-19 07:43:47 status unpacked php7.3-mysql:amd64 7.3.14-1~deb10u1
2020-02-19 07:43:47 status half-configured php7.3-mysql:amd64 7.3.14-1~deb10u1
2020-02-19 07:43:48 status installed php7.3-mysql:amd64 7.3.14-1~deb10u1
2020-02-19 07:43:48 configure php7.3-intl:amd64 7.3.14-1~deb10u1 <none>
2020-02-19 07:43:48 status unpacked php7.3-intl:amd64 7.3.14-1~deb10u1
2020-02-19 07:43:48 status half-configured php7.3-intl:amd64 7.3.14-1~deb10u1
2020-02-19 07:43:48 status installed php7.3-intl:amd64 7.3.14-1~deb10u1
2020-02-19 07:43:48 configure php7.3-xml:amd64 7.3.14-1~deb10u1 <none>
2020-02-19 07:43:48 status unpacked php7.3-xml:amd64 7.3.14-1~deb10u1
2020-02-19 07:43:48 status half-configured php7.3-xml:amd64 7.3.14-1~deb10u1
2020-02-19 07:43:49 status installed php7.3-xml:amd64 7.3.14-1~deb10u1
2020-02-19 07:43:49 configure php7.3-opcache:amd64 7.3.14-1~deb10u1 <none>
2020-02-19 07:43:49 status unpacked php7.3-opcache:amd64 7.3.14-1~deb10u1
2020-02-19 07:43:50 status half-configured php7.3-opcache:amd64 7.3.14-1~deb10u1
2020-02-19 07:43:50 status installed php7.3-opcache:amd64 7.3.14-1~deb10u1
2020-02-19 07:43:50 configure libfontconfig1:amd64 2.13.1-2 <none>
2020-02-19 07:43:50 status unpacked libfontconfig1:amd64 2.13.1-2
2020-02-19 07:43:50 status half-configured libfontconfig1:amd64 2.13.1-2
2020-02-19 07:43:50 status installed libfontconfig1:amd64 2.13.1-2
2020-02-19 07:43:50 configure php7.3-zip:amd64 7.3.14-1~deb10u1 <none>
2020-02-19 07:43:50 status unpacked php7.3-zip:amd64 7.3.14-1~deb10u1
2020-02-19 07:43:50 status half-configured php7.3-zip:amd64 7.3.14-1~deb10u1
2020-02-19 07:43:50 status installed php7.3-zip:amd64 7.3.14-1~deb10u1
2020-02-19 07:43:50 configure php7.3-ldap:amd64 7.3.14-1~deb10u1 <none>
2020-02-19 07:43:50 status unpacked php7.3-ldap:amd64 7.3.14-1~deb10u1
2020-02-19 07:43:50 status half-configured php7.3-ldap:amd64 7.3.14-1~deb10u1
2020-02-19 07:43:50 status installed php7.3-ldap:amd64 7.3.14-1~deb10u1
2020-02-19 07:43:50 configure php7.3-curl:amd64 7.3.14-1~deb10u1 <none>
2020-02-19 07:43:50 status unpacked php7.3-curl:amd64 7.3.14-1~deb10u1
2020-02-19 07:43:50 status half-configured php7.3-curl:amd64 7.3.14-1~deb10u1
2020-02-19 07:43:50 status installed php7.3-curl:amd64 7.3.14-1~deb10u1
2020-02-19 07:43:50 configure python:amd64 2.7.16-1 <none>
2020-02-19 07:43:50 status unpacked python:amd64 2.7.16-1
2020-02-19 07:43:50 status half-configured python:amd64 2.7.16-1
2020-02-19 07:43:50 status installed python:amd64 2.7.16-1
2020-02-19 07:43:50 configure php-xml:all 2:7.3+69 <none>
2020-02-19 07:43:50 status unpacked php-xml:all 2:7.3+69
2020-02-19 07:43:50 status half-configured php-xml:all 2:7.3+69
2020-02-19 07:43:50 status installed php-xml:all 2:7.3+69
2020-02-19 07:43:50 configure php-curl:all 2:7.3+69 <none>
2020-02-19 07:43:50 status unpacked php-curl:all 2:7.3+69
2020-02-19 07:43:50 status half-configured php-curl:all 2:7.3+69
2020-02-19 07:43:50 status installed php-curl:all 2:7.3+69
2020-02-19 07:43:50 configure php-mysql:all 2:7.3+69 <none>
2020-02-19 07:43:50 status unpacked php-mysql:all 2:7.3+69
2020-02-19 07:43:50 status half-configured php-mysql:all 2:7.3+69
2020-02-19 07:43:50 status installed php-mysql:all 2:7.3+69
2020-02-19 07:43:50 configure mariadb-client:all 1:10.3.22-0+deb10u1 <none>
2020-02-19 07:43:50 status unpacked mariadb-client:all 1:10.3.22-0+deb10u1
2020-02-19 07:43:50 status half-configured mariadb-client:all 1:10.3.22-0+deb10u1
2020-02-19 07:43:50 status installed mariadb-client:all 1:10.3.22-0+deb10u1
2020-02-19 07:43:50 configure php7.3-mbstring:amd64 7.3.14-1~deb10u1 <none>
2020-02-19 07:43:50 status unpacked php7.3-mbstring:amd64 7.3.14-1~deb10u1
2020-02-19 07:43:50 status half-configured php7.3-mbstring:amd64 7.3.14-1~deb10u1
2020-02-19 07:43:51 status installed php7.3-mbstring:amd64 7.3.14-1~deb10u1
2020-02-19 07:43:51 configure php7.3-json:amd64 7.3.14-1~deb10u1 <none>
2020-02-19 07:43:51 status unpacked php7.3-json:amd64 7.3.14-1~deb10u1
2020-02-19 07:43:51 status half-configured php7.3-json:amd64 7.3.14-1~deb10u1
2020-02-19 07:43:51 status installed php7.3-json:amd64 7.3.14-1~deb10u1
2020-02-19 07:43:51 configure php-json:all 2:7.3+69 <none>
2020-02-19 07:43:51 status unpacked php-json:all 2:7.3+69
2020-02-19 07:43:51 status half-configured php-json:all 2:7.3+69
2020-02-19 07:43:51 status installed php-json:all 2:7.3+69
2020-02-19 07:43:51 configure php7.3-readline:amd64 7.3.14-1~deb10u1 <none>
2020-02-19 07:43:51 status unpacked php7.3-readline:amd64 7.3.14-1~deb10u1
2020-02-19 07:43:51 status half-configured php7.3-readline:amd64 7.3.14-1~deb10u1
2020-02-19 07:43:51 status installed php7.3-readline:amd64 7.3.14-1~deb10u1
2020-02-19 07:43:51 configure python-pkg-resources:all 40.8.0-1 <none>
2020-02-19 07:43:51 status unpacked python-pkg-resources:all 40.8.0-1
2020-02-19 07:43:51 status half-configured python-pkg-resources:all 40.8.0-1
2020-02-19 07:43:51 status installed python-pkg-resources:all 40.8.0-1
2020-02-19 07:43:51 configure php-mbstring:all 2:7.3+69 <none>
2020-02-19 07:43:51 status unpacked php-mbstring:all 2:7.3+69
2020-02-19 07:43:51 status half-configured php-mbstring:all 2:7.3+69
2020-02-19 07:43:51 status installed php-mbstring:all 2:7.3+69
2020-02-19 07:43:51 configure php-intl:all 2:7.3+69 <none>
2020-02-19 07:43:51 status unpacked php-intl:all 2:7.3+69
2020-02-19 07:43:51 status half-configured php-intl:all 2:7.3+69
2020-02-19 07:43:51 status installed php-intl:all 2:7.3+69
2020-02-19 07:43:51 configure php7.3-gmp:amd64 7.3.14-1~deb10u1 <none>
2020-02-19 07:43:51 status unpacked php7.3-gmp:amd64 7.3.14-1~deb10u1
2020-02-19 07:43:51 status half-configured php7.3-gmp:amd64 7.3.14-1~deb10u1
2020-02-19 07:43:52 status installed php7.3-gmp:amd64 7.3.14-1~deb10u1
2020-02-19 07:43:52 configure php-ldap:all 2:7.3+69 <none>
2020-02-19 07:43:52 status unpacked php-ldap:all 2:7.3+69
2020-02-19 07:43:52 status half-configured php-ldap:all 2:7.3+69
2020-02-19 07:43:52 status installed php-ldap:all 2:7.3+69
2020-02-19 07:43:52 configure libgd3:amd64 2.2.5-5.2 <none>
2020-02-19 07:43:52 status unpacked libgd3:amd64 2.2.5-5.2
2020-02-19 07:43:52 status half-configured libgd3:amd64 2.2.5-5.2
2020-02-19 07:43:52 status installed libgd3:amd64 2.2.5-5.2
2020-02-19 07:43:52 configure php-gmp:all 2:7.3+69 <none>
2020-02-19 07:43:52 status unpacked php-gmp:all 2:7.3+69
2020-02-19 07:43:52 status half-configured php-gmp:all 2:7.3+69
2020-02-19 07:43:52 status installed php-gmp:all 2:7.3+69
2020-02-19 07:43:52 configure php-zip:all 2:7.3+69 <none>
2020-02-19 07:43:52 status unpacked php-zip:all 2:7.3+69
2020-02-19 07:43:52 status half-configured php-zip:all 2:7.3+69
2020-02-19 07:43:52 status installed php-zip:all 2:7.3+69
2020-02-19 07:43:52 configure php7.3-cli:amd64 7.3.14-1~deb10u1 <none>
2020-02-19 07:43:52 status unpacked php7.3-cli:amd64 7.3.14-1~deb10u1
2020-02-19 07:43:52 status half-configured php7.3-cli:amd64 7.3.14-1~deb10u1
2020-02-19 07:43:52 status installed php7.3-cli:amd64 7.3.14-1~deb10u1
2020-02-19 07:43:52 configure python-meld3:all 1.0.2-2 <none>
2020-02-19 07:43:52 status unpacked python-meld3:all 1.0.2-2
2020-02-19 07:43:52 status half-configured python-meld3:all 1.0.2-2
2020-02-19 07:43:53 status installed python-meld3:all 1.0.2-2
2020-02-19 07:43:53 configure php7.3-gd:amd64 7.3.14-1~deb10u1 <none>
2020-02-19 07:43:53 status unpacked php7.3-gd:amd64 7.3.14-1~deb10u1
2020-02-19 07:43:53 status half-configured php7.3-gd:amd64 7.3.14-1~deb10u1
2020-02-19 07:43:53 status installed php7.3-gd:amd64 7.3.14-1~deb10u1
2020-02-19 07:43:53 configure supervisor:all 3.3.5-1 <none>
2020-02-19 07:43:53 status unpacked supervisor:all 3.3.5-1
2020-02-19 07:43:53 status half-configured supervisor:all 3.3.5-1
2020-02-19 07:43:54 status installed supervisor:all 3.3.5-1
2020-02-19 07:43:54 configure php7.3-fpm:amd64 7.3.14-1~deb10u1 <none>
2020-02-19 07:43:54 status unpacked php7.3-fpm:amd64 7.3.14-1~deb10u1
2020-02-19 07:43:54 status half-configured php7.3-fpm:amd64 7.3.14-1~deb10u1
2020-02-19 07:43:54 status installed php7.3-fpm:amd64 7.3.14-1~deb10u1
2020-02-19 07:43:54 configure libnginx-mod-http-image-filter:amd64 1.14.2-2+deb10u1 <none>
2020-02-19 07:43:54 status unpacked libnginx-mod-http-image-filter:amd64 1.14.2-2+deb10u1
2020-02-19 07:43:54 status half-configured libnginx-mod-http-image-filter:amd64 1.14.2-2+deb10u1
2020-02-19 07:43:54 status installed libnginx-mod-http-image-filter:amd64 1.14.2-2+deb10u1
2020-02-19 07:43:54 configure nginx-full:amd64 1.14.2-2+deb10u1 <none>
2020-02-19 07:43:54 status unpacked nginx-full:amd64 1.14.2-2+deb10u1
2020-02-19 07:43:54 status half-configured nginx-full:amd64 1.14.2-2+deb10u1
2020-02-19 07:43:54 status installed nginx-full:amd64 1.14.2-2+deb10u1
2020-02-19 07:43:54 configure php-fpm:all 2:7.3+69 <none>
2020-02-19 07:43:54 status unpacked php-fpm:all 2:7.3+69
2020-02-19 07:43:54 status half-configured php-fpm:all 2:7.3+69
2020-02-19 07:43:54 status installed php-fpm:all 2:7.3+69
2020-02-19 07:43:54 configure php-cli:all 2:7.3+69 <none>
2020-02-19 07:43:54 status unpacked php-cli:all 2:7.3+69
2020-02-19 07:43:54 status half-configured php-cli:all 2:7.3+69
2020-02-19 07:43:54 status installed php-cli:all 2:7.3+69
2020-02-19 07:43:54 configure php-gd:all 2:7.3+69 <none>
2020-02-19 07:43:54 status unpacked php-gd:all 2:7.3+69
2020-02-19 07:43:54 status half-configured php-gd:all 2:7.3+69
2020-02-19 07:43:54 status installed php-gd:all 2:7.3+69
2020-02-19 07:43:54 configure nginx:all 1.14.2-2+deb10u1 <none>
2020-02-19 07:43:54 status unpacked nginx:all 1.14.2-2+deb10u1
2020-02-19 07:43:54 status half-configured nginx:all 1.14.2-2+deb10u1
2020-02-19 07:43:54 status installed nginx:all 1.14.2-2+deb10u1
2020-02-19 07:43:54 trigproc libc-bin:amd64 2.28-10 <none>
2020-02-19 07:43:54 status half-configured libc-bin:amd64 2.28-10
2020-02-19 07:43:54 status installed libc-bin:amd64 2.28-10
